W0401 10:29:38.883000 3204923 site-packages/torch/distributed/run.py:792] 
W0401 10:29:38.883000 3204923 site-packages/torch/distributed/run.py:792] *****************************************
W0401 10:29:38.883000 3204923 site-packages/torch/distributed/run.py:792] Setting OMP_NUM_THREADS environment variable for each process to be 1 in default, to avoid your system being overloaded, please further tune the variable for optimal performance in your application as needed. 
W0401 10:29:38.883000 3204923 site-packages/torch/distributed/run.py:792] *****************************************
2026-04-01 10:29:47,429 | INFO | root | Args: Namespace(ckpt_dir='/home/nvme03/wlx/Memory/models/lingbot-world-base-act', dataset_dir='/home/nvme03/wlx/Memory/datasets/processed_csgo_v2', output_dir='/home/nvme03/wlx/Memory/outputs/train_v2_stage1', height=480, width=832, num_frames=81, learning_rate=0.0001, weight_decay=0.01, num_epochs=50, gradient_accumulation_steps=4, save_every_n_epochs=5, save_steps=None, dataset_repeat=1, max_grad_norm=1.0, lora_rank=0, lora_target_modules='', gradient_checkpointing=True, num_workers=4, resume=None, dry_run=False, stage=1, nfp_loss_weight=0.1, lr_dit=1e-05)
2026-04-01 10:29:47,431 | INFO | root | Sigma schedule: shift=10.0, 641/1000 valid timesteps for low_noise_model (t < 947.0)
2026-04-01 10:29:47,947 | INFO | root | Loading base WanModel (low_noise_model)...

Loading checkpoint shards:   0%|          | 0/8 [00:00<?, ?it/s]2026-04-01 10:29:48,874 | INFO | root | Sigma schedule: shift=10.0, 641/1000 valid timesteps for low_noise_model (t < 947.0)
2026-04-01 10:29:48,951 | INFO | root | Sigma schedule: shift=10.0, 641/1000 valid timesteps for low_noise_model (t < 947.0)
2026-04-01 10:29:48,954 | INFO | root | Sigma schedule: shift=10.0, 641/1000 valid timesteps for low_noise_model (t < 947.0)
2026-04-01 10:29:49,329 | INFO | root | Loading base WanModel (low_noise_model)...
2026-04-01 10:29:49,400 | INFO | root | Loading base WanModel (low_noise_model)...
2026-04-01 10:29:49,451 | INFO | root | Loading base WanModel (low_noise_model)...

Loading checkpoint shards:  12%|█▎        | 1/8 [00:19<02:14, 19.20s/it]
Loading checkpoint shards:  25%|██▌       | 2/8 [00:39<01:58, 19.68s/it]
Loading checkpoint shards:  38%|███▊      | 3/8 [00:57<01:35, 19.06s/it]
Loading checkpoint shards:  50%|█████     | 4/8 [01:17<01:17, 19.29s/it]
Loading checkpoint shards:  62%|██████▎   | 5/8 [01:35<00:57, 19.10s/it]
Loading checkpoint shards:  75%|███████▌  | 6/8 [01:54<00:37, 18.79s/it]
Loading checkpoint shards:  88%|████████▊ | 7/8 [02:14<00:19, 19.42s/it]2026-04-01 10:32:06,008 | INFO | root | patch_embedding_wancamctrl: Linear(1792, 5120)
2026-04-01 10:32:06,008 | INFO | root | Converting to WanModelWithMemory...
2026-04-01 10:32:06,673 | INFO | root | patch_embedding_wancamctrl: Linear(1792, 5120)
2026-04-01 10:32:06,674 | INFO | root | Converting to WanModelWithMemory...

Loading checkpoint shards: 100%|██████████| 8/8 [02:18<00:00, 14.44s/it]
Loading checkpoint shards: 100%|██████████| 8/8 [02:18<00:00, 17.33s/it]
2026-04-01 10:32:06,680 | INFO | root | patch_embedding_wancamctrl: Linear(1792, 5120)
2026-04-01 10:32:06,680 | INFO | root | Converting to WanModelWithMemory...
2026-04-01 10:32:06,713 | INFO | root | patch_embedding_wancamctrl: Linear(1792, 5120)
2026-04-01 10:32:06,713 | INFO | root | Converting to WanModelWithMemory...
2026-04-01 10:36:03,556 | INFO | memory_module.model_with_memory | WanModelWithMemory: wrapped 40 blocks with MemoryBlockWrapper (layers=[0, 1, 2, 3, 4, 5, 6, 7, 8, 9, 10, 11, 12, 13, 14, 15, 16, 17, 18, 19, 20, 21, 22, 23, 24, 25, 26, 27, 28, 29, 30, 31, 32, 33, 34, 35, 36, 37, 38, 39]), added NFPHead(dim=5120, z_dim=16).
2026-04-01 10:36:03,656 | INFO | memory_module.model_with_memory | WanModelWithMemory: wrapped 40 blocks with MemoryBlockWrapper (layers=[0, 1, 2, 3, 4, 5, 6, 7, 8, 9, 10, 11, 12, 13, 14, 15, 16, 17, 18, 19, 20, 21, 22, 23, 24, 25, 26, 27, 28, 29, 30, 31, 32, 33, 34, 35, 36, 37, 38, 39]), added NFPHead(dim=5120, z_dim=16).
2026-04-01 10:36:03,798 | INFO | memory_module.model_with_memory | WanModelWithMemory: wrapped 40 blocks with MemoryBlockWrapper (layers=[0, 1, 2, 3, 4, 5, 6, 7, 8, 9, 10, 11, 12, 13, 14, 15, 16, 17, 18, 19, 20, 21, 22, 23, 24, 25, 26, 27, 28, 29, 30, 31, 32, 33, 34, 35, 36, 37, 38, 39]), added NFPHead(dim=5120, z_dim=16).
2026-04-01 10:36:04,091 | INFO | memory_module.model_with_memory | WanModelWithMemory: wrapped 40 blocks with MemoryBlockWrapper (layers=[0, 1, 2, 3, 4, 5, 6, 7, 8, 9, 10, 11, 12, 13, 14, 15, 16, 17, 18, 19, 20, 21, 22, 23, 24, 25, 26, 27, 28, 29, 30, 31, 32, 33, 34, 35, 36, 37, 38, 39]), added NFPHead(dim=5120, z_dim=16).
2026-04-01 10:36:37,913 | INFO | memory_module.model_with_memory | from_wan_model: 244 keys not in base model (expected: memory_cross_attn + nfp_head): ['blocks.0.memory_cross_attn.q.weight', 'blocks.0.memory_cross_attn.k.weight', 'blocks.0.memory_cross_attn.v.weight', 'blocks.0.memory_cross_attn.o.weight', 'blocks.0.memory_cross_attn.norm_q.weight']
2026-04-01 10:36:37,987 | INFO | memory_module.model_with_memory | from_wan_model: 244 keys not in base model (expected: memory_cross_attn + nfp_head): ['blocks.0.memory_cross_attn.q.weight', 'blocks.0.memory_cross_attn.k.weight', 'blocks.0.memory_cross_attn.v.weight', 'blocks.0.memory_cross_attn.o.weight', 'blocks.0.memory_cross_attn.norm_q.weight']
2026-04-01 10:36:38,444 | INFO | memory_module.model_with_memory | from_wan_model: 244 keys not in base model (expected: memory_cross_attn + nfp_head): ['blocks.0.memory_cross_attn.q.weight', 'blocks.0.memory_cross_attn.k.weight', 'blocks.0.memory_cross_attn.v.weight', 'blocks.0.memory_cross_attn.o.weight', 'blocks.0.memory_cross_attn.norm_q.weight']
2026-04-01 10:36:38,549 | INFO | memory_module.model_with_memory | from_wan_model: 244 keys not in base model (expected: memory_cross_attn + nfp_head): ['blocks.0.memory_cross_attn.q.weight', 'blocks.0.memory_cross_attn.k.weight', 'blocks.0.memory_cross_attn.v.weight', 'blocks.0.memory_cross_attn.o.weight', 'blocks.0.memory_cross_attn.norm_q.weight']
2026-04-01 10:36:40,526 | INFO | root | Loading VAE...
2026-04-01 10:36:40,565 | INFO | root | loading /home/nvme03/wlx/Memory/models/lingbot-world-base-act/Wan2.1_VAE.pth
2026-04-01 10:36:40,606 | INFO | root | Loading VAE...
2026-04-01 10:36:41,039 | INFO | root | Loading VAE...
2026-04-01 10:36:41,092 | INFO | root | Loading VAE...
2026-04-01 10:36:41,092 | INFO | root | loading /home/nvme03/wlx/Memory/models/lingbot-world-base-act/Wan2.1_VAE.pth
2026-04-01 10:36:41,142 | INFO | root | loading /home/nvme03/wlx/Memory/models/lingbot-world-base-act/Wan2.1_VAE.pth
2026-04-01 10:36:41,241 | INFO | root | loading /home/nvme03/wlx/Memory/models/lingbot-world-base-act/Wan2.1_VAE.pth
2026-04-01 10:36:41,356 | INFO | root | Loading T5 text encoder...
2026-04-01 10:36:41,455 | INFO | root | loading /home/nvme03/wlx/Memory/models/lingbot-world-base-act/models_t5_umt5-xxl-enc-bf16.pth
2026-04-01 10:36:41,812 | INFO | root | Loading T5 text encoder...
2026-04-01 10:36:41,843 | INFO | root | Loading T5 text encoder...
[rank2]: Traceback (most recent call last):
[rank2]:   File "/home/nvme03/wlx/Memory/projects/Lingbot_LSM/src/pipeline/train_v2_stage1.py", line 1058, in <module>
[rank2]:     main()
[rank2]:   File "/home/nvme03/wlx/Memory/projects/Lingbot_LSM/src/pipeline/train_v2_stage1.py", line 900, in main
[rank2]:     model = trainer.load_models(accelerator.device)
[rank2]:             ^^^^^^^^^^^^^^^^^^^^^^^^^^^^^^^^^^^^^^^
[rank2]:   File "/home/nvme03/wlx/Memory/projects/Lingbot_LSM/src/pipeline/train_v2_stage1.py", line 499, in load_models
[rank2]:     self.t5 = T5EncoderModel(
[rank2]:               ^^^^^^^^^^^^^^^
[rank2]:   File "/home/nvme03/wlx/Memory/projects/Lingbot_LSM/refs/lingbot-world/wan/modules/t5.py", line 488, in __init__
[rank2]:     model = umt5_xxl(
[rank2]:             ^^^^^^^^^
[rank2]:   File "/home/nvme03/wlx/Memory/projects/Lingbot_LSM/refs/lingbot-world/wan/modules/t5.py", line 467, in umt5_xxl
[rank2]:     return _t5('umt5-xxl', **cfg)
[rank2]:            ^^^^^^^^^^^^^^^^^^^^^^
[rank2]:   File "/home/nvme03/wlx/Memory/projects/Lingbot_LSM/refs/lingbot-world/wan/modules/t5.py", line 440, in _t5
[rank2]:     model = model_cls(**kwargs)
[rank2]:             ^^^^^^^^^^^^^^^^^^^
[rank2]:   File "/home/nvme03/wlx/Memory/projects/Lingbot_LSM/refs/lingbot-world/wan/modules/t5.py", line 292, in __init__
[rank2]:     self.blocks = nn.ModuleList([
[rank2]:                                 ^
[rank2]:   File "/home/nvme03/wlx/Memory/projects/Lingbot_LSM/refs/lingbot-world/wan/modules/t5.py", line 293, in <listcomp>
[rank2]:     T5SelfAttention(dim, dim_attn, dim_ffn, num_heads, num_buckets,
[rank2]:   File "/home/nvme03/wlx/Memory/projects/Lingbot_LSM/refs/lingbot-world/wan/modules/t5.py", line 164, in __init__
[rank2]:     self.ffn = T5FeedForward(dim, dim_ffn, dropout)
[rank2]:                ^^^^^^^^^^^^^^^^^^^^^^^^^^^^^^^^^^^^
[rank2]:   File "/home/nvme03/wlx/Memory/projects/Lingbot_LSM/refs/lingbot-world/wan/modules/t5.py", line 131, in __init__
[rank2]:     self.fc2 = nn.Linear(dim_ffn, dim, bias=False)
[rank2]:                ^^^^^^^^^^^^^^^^^^^^^^^^^^^^^^^^^^^
[rank2]:   File "/home/nvme03/envs/lingbot-lsm/lib/python3.11/site-packages/torch/nn/modules/linear.py", line 106, in __init__
[rank2]:     torch.empty((out_features, in_features), **factory_kwargs)
[rank2]:   File "/home/nvme03/envs/lingbot-lsm/lib/python3.11/site-packages/torch/utils/_device.py", line 104, in __torch_function__
[rank2]:     return func(*args, **kwargs)
[rank2]:            ^^^^^^^^^^^^^^^^^^^^^
[rank2]: torch.OutOfMemoryError: CUDA out of memory. Tried to allocate 160.00 MiB. GPU 2 has a total capacity of 94.99 GiB of which 180.12 MiB is free. Process 2822725 has 86.58 GiB memory in use. Including non-PyTorch memory, this process has 8.21 GiB memory in use. Of the allocated memory 7.84 GiB is allocated by PyTorch, and 4.06 MiB is reserved by PyTorch but unallocated. If reserved but unallocated memory is large try setting PYTORCH_CUDA_ALLOC_CONF=expandable_segments:True to avoid fragmentation.  See documentation for Memory Management  (https://pytorch.org/docs/stable/notes/cuda.html#environment-variables)
2026-04-01 10:36:41,942 | INFO | root | loading /home/nvme03/wlx/Memory/models/lingbot-world-base-act/models_t5_umt5-xxl-enc-bf16.pth
2026-04-01 10:36:41,972 | INFO | root | Loading T5 text encoder...
[rank0]: Traceback (most recent call last):
[rank0]:   File "/home/nvme03/wlx/Memory/projects/Lingbot_LSM/src/pipeline/train_v2_stage1.py", line 1058, in <module>
[rank0]:     main()
[rank0]:   File "/home/nvme03/wlx/Memory/projects/Lingbot_LSM/src/pipeline/train_v2_stage1.py", line 900, in main
[rank0]:     model = trainer.load_models(accelerator.device)
[rank0]:             ^^^^^^^^^^^^^^^^^^^^^^^^^^^^^^^^^^^^^^^
[rank0]:   File "/home/nvme03/wlx/Memory/projects/Lingbot_LSM/src/pipeline/train_v2_stage1.py", line 499, in load_models
[rank0]:     self.t5 = T5EncoderModel(
[rank0]:               ^^^^^^^^^^^^^^^
[rank0]:   File "/home/nvme03/wlx/Memory/projects/Lingbot_LSM/refs/lingbot-world/wan/modules/t5.py", line 488, in __init__
[rank0]:     model = umt5_xxl(
[rank0]:             ^^^^^^^^^
[rank0]:   File "/home/nvme03/wlx/Memory/projects/Lingbot_LSM/refs/lingbot-world/wan/modules/t5.py", line 467, in umt5_xxl
[rank0]:     return _t5('umt5-xxl', **cfg)
[rank0]:            ^^^^^^^^^^^^^^^^^^^^^^
[rank0]:   File "/home/nvme03/wlx/Memory/projects/Lingbot_LSM/refs/lingbot-world/wan/modules/t5.py", line 440, in _t5
[rank0]:     model = model_cls(**kwargs)
[rank0]:             ^^^^^^^^^^^^^^^^^^^
[rank0]:   File "/home/nvme03/wlx/Memory/projects/Lingbot_LSM/refs/lingbot-world/wan/modules/t5.py", line 292, in __init__
[rank0]:     self.blocks = nn.ModuleList([
[rank0]:                                 ^
[rank0]:   File "/home/nvme03/wlx/Memory/projects/Lingbot_LSM/refs/lingbot-world/wan/modules/t5.py", line 293, in <listcomp>
[rank0]:     T5SelfAttention(dim, dim_attn, dim_ffn, num_heads, num_buckets,
[rank0]:   File "/home/nvme03/wlx/Memory/projects/Lingbot_LSM/refs/lingbot-world/wan/modules/t5.py", line 164, in __init__
[rank0]:     self.ffn = T5FeedForward(dim, dim_ffn, dropout)
[rank0]:                ^^^^^^^^^^^^^^^^^^^^^^^^^^^^^^^^^^^^
[rank0]:   File "/home/nvme03/wlx/Memory/projects/Lingbot_LSM/refs/lingbot-world/wan/modules/t5.py", line 131, in __init__
[rank0]:     self.fc2 = nn.Linear(dim_ffn, dim, bias=False)
[rank0]:                ^^^^^^^^^^^^^^^^^^^^^^^^^^^^^^^^^^^
[rank0]:   File "/home/nvme03/envs/lingbot-lsm/lib/python3.11/site-packages/torch/nn/modules/linear.py", line 106, in __init__
[rank0]:     torch.empty((out_features, in_features), **factory_kwargs)
[rank0]:   File "/home/nvme03/envs/lingbot-lsm/lib/python3.11/site-packages/torch/utils/_device.py", line 104, in __torch_function__
[rank0]:     return func(*args, **kwargs)
[rank0]:            ^^^^^^^^^^^^^^^^^^^^^
[rank0]: torch.OutOfMemoryError: CUDA out of memory. Tried to allocate 160.00 MiB. GPU 0 has a total capacity of 94.99 GiB of which 189.69 MiB is free. Process 2827816 has 86.58 GiB memory in use. Including non-PyTorch memory, this process has 8.21 GiB memory in use. Of the allocated memory 7.84 GiB is allocated by PyTorch, and 4.06 MiB is reserved by PyTorch but unallocated. If reserved but unallocated memory is large try setting PYTORCH_CUDA_ALLOC_CONF=expandable_segments:True to avoid fragmentation.  See documentation for Memory Management  (https://pytorch.org/docs/stable/notes/cuda.html#environment-variables)
[rank0]:[W401 10:36:48.466371852 ProcessGroupNCCL.cpp:1496] Warning: WARNING: destroy_process_group() was not called before program exit, which can leak resources. For more info, please see https://pytorch.org/docs/stable/distributed.html#shutdown (function operator())
W0401 10:36:48.548000 3204923 site-packages/torch/distributed/elastic/multiprocessing/api.py:897] Sending process 3238197 closing signal SIGTERM
W0401 10:36:48.551000 3204923 site-packages/torch/distributed/elastic/multiprocessing/api.py:897] Sending process 3238198 closing signal SIGTERM
W0401 10:36:48.555000 3204923 site-packages/torch/distributed/elastic/multiprocessing/api.py:897] Sending process 3238200 closing signal SIGTERM
E0401 10:36:55.058000 3204923 site-packages/torch/distributed/elastic/multiprocessing/api.py:869] failed (exitcode: 1) local_rank: 2 (pid: 3238199) of binary: /home/nvme03/envs/lingbot-lsm/bin/python3.11
Traceback (most recent call last):
  File "/home/nvme03/envs/lingbot-lsm/bin/accelerate", line 6, in <module>
    sys.exit(main())
             ^^^^^^
  File "/home/nvme03/envs/lingbot-lsm/lib/python3.11/site-packages/accelerate/commands/accelerate_cli.py", line 50, in main
    args.func(args)
  File "/home/nvme03/envs/lingbot-lsm/lib/python3.11/site-packages/accelerate/commands/launch.py", line 1390, in launch_command
    deepspeed_launcher(args)
  File "/home/nvme03/envs/lingbot-lsm/lib/python3.11/site-packages/accelerate/commands/launch.py", line 1076, in deepspeed_launcher
    distrib_run.run(args)
  File "/home/nvme03/envs/lingbot-lsm/lib/python3.11/site-packages/torch/distributed/run.py", line 909, in run
    elastic_launch(
  File "/home/nvme03/envs/lingbot-lsm/lib/python3.11/site-packages/torch/distributed/launcher/api.py", line 138, in __call__
    return launch_agent(self._config, self._entrypoint, list(args))
           ^^^^^^^^^^^^^^^^^^^^^^^^^^^^^^^^^^^^^^^^^^^^^^^^^^^^^^^^
  File "/home/nvme03/envs/lingbot-lsm/lib/python3.11/site-packages/torch/distributed/launcher/api.py", line 269, in launch_agent
    raise ChildFailedError(
torch.distributed.elastic.multiprocessing.errors.ChildFailedError: 
============================================================
/home/nvme03/wlx/Memory/projects/Lingbot_LSM/src/pipeline/train_v2_stage1.py FAILED
------------------------------------------------------------
Failures:
  <NO_OTHER_FAILURES>
------------------------------------------------------------
Root Cause (first observed failure):
[0]:
  time      : 2026-04-01_10:36:48
  host      : instance-r2lzozd0
  rank      : 2 (local_rank: 2)
  exitcode  : 1 (pid: 3238199)
  error_file: <N/A>
  traceback : To enable traceback see: https://pytorch.org/docs/stable/elastic/errors.html
============================================================
