/home/ubuntu/miniconda3/envs/lingbot-lsm/lib/python3.11/site-packages/accelerate/utils/launch.py:507: UserWarning: Port `29500` is already in use. Accelerate will attempt to launch in a standalone-like mode by finding an open port automatically for this session. If this current attempt fails, or for more control in future runs, please specify a different port (e.g., `--main_process_port <your_chosen_port>`) or use `--main_process_port 0` for automatic selection in your launch command or Accelerate config file.
  warnings.warn(
W0419 12:48:29.987000 437105 site-packages/torch/distributed/run.py:792] 
W0419 12:48:29.987000 437105 site-packages/torch/distributed/run.py:792] *****************************************
W0419 12:48:29.987000 437105 site-packages/torch/distributed/run.py:792] Setting OMP_NUM_THREADS environment variable for each process to be 1 in default, to avoid your system being overloaded, please further tune the variable for optimal performance in your application as needed. 
W0419 12:48:29.987000 437105 site-packages/torch/distributed/run.py:792] *****************************************
2026-04-19 12:48:37,036 | WARNING | scripts.wandb_utils | W&B init failed (non-fatal): No module named 'wandb'
2026-04-19 12:48:37,036 | INFO | root | Args: Namespace(ckpt_dir='/home/nvme02/lingbot-world/models/lingbot-world-base-act', dataset_dir='/home/nvme02/lingbot-world/datasets/processed_csgo_v3', output_dir='/home/nvme02/wlx/Memory/outputs/train/v3_stage1_dual/low_noise_model', height=480, width=832, num_frames=81, learning_rate=0.0001, weight_decay=0.01, num_epochs=3, gradient_accumulation_steps=8, save_every_n_epochs=1, keep_last_n_checkpoints=2, save_steps=None, dataset_repeat=1, max_grad_norm=1.0, lora_rank=0, lora_target_modules='', gradient_checkpointing=True, num_workers=4, resume='/home/nvme02/wlx/Memory/outputs/train/v3_stage1_dual/low_noise_model/epoch_2', dry_run=False, stage=1, model_type='low', nfp_loss_weight=0.1, lr_dit=1e-05, wandb_project='lingbot-memory', wandb_entity=None, wandb_run_name=None, wandb_mode='online', log_every_steps=10, num_context_clips=1, short_cap=2, medium_cap=8, long_cap=16, surprise_threshold=0.4, stability_threshold=0.2, novelty_threshold=0.7, half_life=10.0, hybrid_medium_k=3, hybrid_long_k=2, dup_threshold=0.95)
2026-04-19 12:48:37,036 | INFO | root | v3 训练配置：num_context_clips=1, num_total_clips=2, ThreeTierMemoryBank(short=2, medium=8, long=16)
2026-04-19 12:48:37,037 | INFO | root | Sigma schedule: shift=10.0, 641/1000 valid timesteps for low_noise_model (t < 947.0)
2026-04-19 12:48:37,405 | INFO | root | Loading base WanModel (low_noise_model)...
2026-04-19 12:48:37,426 | INFO | root | Sigma schedule: shift=10.0, 641/1000 valid timesteps for low_noise_model (t < 947.0)
2026-04-19 12:48:37,450 | INFO | root | Sigma schedule: shift=10.0, 641/1000 valid timesteps for low_noise_model (t < 947.0)

Loading checkpoint shards:   0%|          | 0/8 [00:00<?, ?it/s]2026-04-19 12:48:37,495 | INFO | root | Sigma schedule: shift=10.0, 641/1000 valid timesteps for low_noise_model (t < 947.0)
2026-04-19 12:48:37,512 | INFO | root | Sigma schedule: shift=10.0, 641/1000 valid timesteps for low_noise_model (t < 947.0)
2026-04-19 12:48:37,610 | INFO | root | Sigma schedule: shift=10.0, 641/1000 valid timesteps for low_noise_model (t < 947.0)
2026-04-19 12:48:37,825 | INFO | root | Loading base WanModel (low_noise_model)...
2026-04-19 12:48:37,846 | INFO | root | Loading base WanModel (low_noise_model)...
2026-04-19 12:48:37,880 | INFO | root | Loading base WanModel (low_noise_model)...
2026-04-19 12:48:37,889 | INFO | root | Loading base WanModel (low_noise_model)...
2026-04-19 12:48:38,011 | INFO | root | Loading base WanModel (low_noise_model)...

Loading checkpoint shards:  12%|█▎        | 1/8 [00:04<00:28,  4.04s/it]
Loading checkpoint shards:  25%|██▌       | 2/8 [00:07<00:23,  3.90s/it]
Loading checkpoint shards:  38%|███▊      | 3/8 [00:11<00:18,  3.64s/it]
Loading checkpoint shards:  50%|█████     | 4/8 [00:14<00:14,  3.62s/it]
Loading checkpoint shards:  62%|██████▎   | 5/8 [00:18<00:10,  3.55s/it]
Loading checkpoint shards:  75%|███████▌  | 6/8 [00:21<00:06,  3.47s/it]
Loading checkpoint shards:  88%|████████▊ | 7/8 [00:24<00:03,  3.47s/it]
Loading checkpoint shards: 100%|██████████| 8/8 [00:27<00:00,  3.32s/it]
Loading checkpoint shards: 100%|██████████| 8/8 [00:27<00:00,  3.50s/it]
2026-04-19 12:49:05,476 | INFO | root | patch_embedding_wancamctrl: Linear(1792, 5120)
2026-04-19 12:49:05,477 | INFO | root | Converting to WanModelWithMemory...
2026-04-19 12:49:06,158 | INFO | root | patch_embedding_wancamctrl: Linear(1792, 5120)
2026-04-19 12:49:06,158 | INFO | root | Converting to WanModelWithMemory...
2026-04-19 12:49:06,996 | INFO | root | patch_embedding_wancamctrl: Linear(1792, 5120)
2026-04-19 12:49:06,996 | INFO | root | Converting to WanModelWithMemory...
2026-04-19 12:49:06,996 | INFO | root | patch_embedding_wancamctrl: Linear(1792, 5120)
2026-04-19 12:49:06,996 | INFO | root | Converting to WanModelWithMemory...
2026-04-19 12:49:07,000 | INFO | root | patch_embedding_wancamctrl: Linear(1792, 5120)
2026-04-19 12:49:07,000 | INFO | root | Converting to WanModelWithMemory...
2026-04-19 12:49:07,615 | INFO | root | patch_embedding_wancamctrl: Linear(1792, 5120)
2026-04-19 12:49:07,615 | INFO | root | Converting to WanModelWithMemory...
2026-04-19 12:52:33,284 | INFO | memory_module.model_with_memory | WanModelWithMemory: wrapped 40 blocks with MemoryBlockWrapper (layers=[0, 1, 2, 3, 4, 5, 6, 7, 8, 9, 10, 11, 12, 13, 14, 15, 16, 17, 18, 19, 20, 21, 22, 23, 24, 25, 26, 27, 28, 29, 30, 31, 32, 33, 34, 35, 36, 37, 38, 39]), added NFPHead(dim=5120, z_dim=16), latent_proj(16→5120).
2026-04-19 12:52:39,077 | INFO | memory_module.model_with_memory | WanModelWithMemory: wrapped 40 blocks with MemoryBlockWrapper (layers=[0, 1, 2, 3, 4, 5, 6, 7, 8, 9, 10, 11, 12, 13, 14, 15, 16, 17, 18, 19, 20, 21, 22, 23, 24, 25, 26, 27, 28, 29, 30, 31, 32, 33, 34, 35, 36, 37, 38, 39]), added NFPHead(dim=5120, z_dim=16), latent_proj(16→5120).
2026-04-19 12:52:40,293 | INFO | memory_module.model_with_memory | WanModelWithMemory: wrapped 40 blocks with MemoryBlockWrapper (layers=[0, 1, 2, 3, 4, 5, 6, 7, 8, 9, 10, 11, 12, 13, 14, 15, 16, 17, 18, 19, 20, 21, 22, 23, 24, 25, 26, 27, 28, 29, 30, 31, 32, 33, 34, 35, 36, 37, 38, 39]), added NFPHead(dim=5120, z_dim=16), latent_proj(16→5120).
2026-04-19 12:52:40,429 | INFO | memory_module.model_with_memory | WanModelWithMemory: wrapped 40 blocks with MemoryBlockWrapper (layers=[0, 1, 2, 3, 4, 5, 6, 7, 8, 9, 10, 11, 12, 13, 14, 15, 16, 17, 18, 19, 20, 21, 22, 23, 24, 25, 26, 27, 28, 29, 30, 31, 32, 33, 34, 35, 36, 37, 38, 39]), added NFPHead(dim=5120, z_dim=16), latent_proj(16→5120).
2026-04-19 12:52:40,997 | INFO | memory_module.model_with_memory | WanModelWithMemory: wrapped 40 blocks with MemoryBlockWrapper (layers=[0, 1, 2, 3, 4, 5, 6, 7, 8, 9, 10, 11, 12, 13, 14, 15, 16, 17, 18, 19, 20, 21, 22, 23, 24, 25, 26, 27, 28, 29, 30, 31, 32, 33, 34, 35, 36, 37, 38, 39]), added NFPHead(dim=5120, z_dim=16), latent_proj(16→5120).
2026-04-19 12:52:53,301 | INFO | memory_module.model_with_memory | WanModelWithMemory: wrapped 40 blocks with MemoryBlockWrapper (layers=[0, 1, 2, 3, 4, 5, 6, 7, 8, 9, 10, 11, 12, 13, 14, 15, 16, 17, 18, 19, 20, 21, 22, 23, 24, 25, 26, 27, 28, 29, 30, 31, 32, 33, 34, 35, 36, 37, 38, 39]), added NFPHead(dim=5120, z_dim=16), latent_proj(16→5120).
2026-04-19 12:53:03,710 | INFO | memory_module.model_with_memory | from_wan_model: 285 keys not in base model (expected: memory_cross_attn + nfp_head + latent_proj): ['blocks.0.memory_cross_attn.gate', 'blocks.0.memory_cross_attn.q.weight', 'blocks.0.memory_cross_attn.k.weight', 'blocks.0.memory_cross_attn.v.weight', 'blocks.0.memory_cross_attn.o.weight']
2026-04-19 12:53:09,359 | INFO | memory_module.model_with_memory | from_wan_model: 285 keys not in base model (expected: memory_cross_attn + nfp_head + latent_proj): ['blocks.0.memory_cross_attn.gate', 'blocks.0.memory_cross_attn.q.weight', 'blocks.0.memory_cross_attn.k.weight', 'blocks.0.memory_cross_attn.v.weight', 'blocks.0.memory_cross_attn.o.weight']
2026-04-19 12:53:10,782 | INFO | memory_module.model_with_memory | from_wan_model: 285 keys not in base model (expected: memory_cross_attn + nfp_head + latent_proj): ['blocks.0.memory_cross_attn.gate', 'blocks.0.memory_cross_attn.q.weight', 'blocks.0.memory_cross_attn.k.weight', 'blocks.0.memory_cross_attn.v.weight', 'blocks.0.memory_cross_attn.o.weight']
2026-04-19 12:53:11,757 | INFO | memory_module.model_with_memory | from_wan_model: 285 keys not in base model (expected: memory_cross_attn + nfp_head + latent_proj): ['blocks.0.memory_cross_attn.gate', 'blocks.0.memory_cross_attn.q.weight', 'blocks.0.memory_cross_attn.k.weight', 'blocks.0.memory_cross_attn.v.weight', 'blocks.0.memory_cross_attn.o.weight']
2026-04-19 12:53:15,265 | INFO | memory_module.model_with_memory | from_wan_model: 285 keys not in base model (expected: memory_cross_attn + nfp_head + latent_proj): ['blocks.0.memory_cross_attn.gate', 'blocks.0.memory_cross_attn.q.weight', 'blocks.0.memory_cross_attn.k.weight', 'blocks.0.memory_cross_attn.v.weight', 'blocks.0.memory_cross_attn.o.weight']
2026-04-19 12:53:38,465 | INFO | memory_module.model_with_memory | from_wan_model: 285 keys not in base model (expected: memory_cross_attn + nfp_head + latent_proj): ['blocks.0.memory_cross_attn.gate', 'blocks.0.memory_cross_attn.q.weight', 'blocks.0.memory_cross_attn.k.weight', 'blocks.0.memory_cross_attn.v.weight', 'blocks.0.memory_cross_attn.o.weight']
2026-04-19 12:53:49,035 | INFO | root | Loading VAE...
2026-04-19 12:53:49,243 | INFO | root | loading /home/nvme02/lingbot-world/models/lingbot-world-base-act/Wan2.1_VAE.pth
2026-04-19 12:53:49,618 | INFO | root | Loading T5 text encoder...
2026-04-19 12:53:49,741 | INFO | root | loading /home/nvme02/lingbot-world/models/lingbot-world-base-act/models_t5_umt5-xxl-enc-bf16.pth
2026-04-19 12:53:53,975 | INFO | root | Loading VAE...
2026-04-19 12:53:54,010 | INFO | root | loading /home/nvme02/lingbot-world/models/lingbot-world-base-act/Wan2.1_VAE.pth
2026-04-19 12:53:54,409 | INFO | root | Loading T5 text encoder...
2026-04-19 12:53:54,525 | INFO | root | loading /home/nvme02/lingbot-world/models/lingbot-world-base-act/models_t5_umt5-xxl-enc-bf16.pth
2026-04-19 12:53:55,707 | INFO | root | Loading VAE...
2026-04-19 12:53:55,743 | INFO | root | loading /home/nvme02/lingbot-world/models/lingbot-world-base-act/Wan2.1_VAE.pth
2026-04-19 12:53:56,152 | INFO | root | Loading T5 text encoder...
2026-04-19 12:53:56,278 | INFO | root | loading /home/nvme02/lingbot-world/models/lingbot-world-base-act/models_t5_umt5-xxl-enc-bf16.pth
2026-04-19 12:53:57,538 | INFO | root | Loading VAE...
2026-04-19 12:53:57,572 | INFO | root | loading /home/nvme02/lingbot-world/models/lingbot-world-base-act/Wan2.1_VAE.pth
2026-04-19 12:53:57,996 | INFO | root | Loading T5 text encoder...
2026-04-19 12:53:58,128 | INFO | root | loading /home/nvme02/lingbot-world/models/lingbot-world-base-act/models_t5_umt5-xxl-enc-bf16.pth
2026-04-19 12:53:58,511 | INFO | root | Stage1: 解冻 latent_proj (F-03/F5 fix)
2026-04-19 12:53:58,515 | INFO | root | Stage1: 解冻 40 个 MemoryBlockWrapper memory 组件 + NFPHead | 可训参数 4,221,097,016 / 总参数 22,766,740,600 (18.54%)
2026-04-19 12:53:58,519 | INFO | root | Gradient checkpointing: patched 40 DiT blocks
2026-04-19 12:53:58,525 | INFO | root | CSGOMultiClipDataset: 833 valid episode windows (num_clips=2, repeat=1) from /home/nvme02/lingbot-world/datasets/processed_csgo_v3/metadata_train.csv
Installed CUDA version 12.8 does not match the version torch was compiled with 12.4 but since the APIs are compatible, accepting this combination
2026-04-19 12:54:02,528 | INFO | root | Loading VAE...
2026-04-19 12:54:02,563 | INFO | root | loading /home/nvme02/lingbot-world/models/lingbot-world-base-act/Wan2.1_VAE.pth
2026-04-19 12:54:02,995 | INFO | root | Loading T5 text encoder...
2026-04-19 12:54:03,129 | INFO | root | loading /home/nvme02/lingbot-world/models/lingbot-world-base-act/models_t5_umt5-xxl-enc-bf16.pth
2026-04-19 12:54:03,317 | INFO | root | Stage1: 解冻 latent_proj (F-03/F5 fix)
2026-04-19 12:54:03,322 | INFO | root | Stage1: 解冻 40 个 MemoryBlockWrapper memory 组件 + NFPHead | 可训参数 4,221,097,016 / 总参数 22,766,740,600 (18.54%)
2026-04-19 12:54:03,326 | INFO | root | Gradient checkpointing: patched 40 DiT blocks
2026-04-19 12:54:03,331 | INFO | root | CSGOMultiClipDataset: 833 valid episode windows (num_clips=2, repeat=1) from /home/nvme02/lingbot-world/datasets/processed_csgo_v3/metadata_train.csv
2026-04-19 12:54:05,070 | INFO | root | Stage1: 解冻 latent_proj (F-03/F5 fix)
2026-04-19 12:54:05,074 | INFO | root | Stage1: 解冻 40 个 MemoryBlockWrapper memory 组件 + NFPHead | 可训参数 4,221,097,016 / 总参数 22,766,740,600 (18.54%)
2026-04-19 12:54:05,078 | INFO | root | Gradient checkpointing: patched 40 DiT blocks
2026-04-19 12:54:05,084 | INFO | root | CSGOMultiClipDataset: 833 valid episode windows (num_clips=2, repeat=1) from /home/nvme02/lingbot-world/datasets/processed_csgo_v3/metadata_train.csv
Installed CUDA version 12.8 does not match the version torch was compiled with 12.4 but since the APIs are compatible, accepting this combination
2026-04-19 12:54:07,011 | INFO | root | Stage1: 解冻 latent_proj (F-03/F5 fix)
2026-04-19 12:54:07,015 | INFO | root | Stage1: 解冻 40 个 MemoryBlockWrapper memory 组件 + NFPHead | 可训参数 4,221,097,016 / 总参数 22,766,740,600 (18.54%)
2026-04-19 12:54:07,019 | INFO | root | Gradient checkpointing: patched 40 DiT blocks
2026-04-19 12:54:07,025 | INFO | root | CSGOMultiClipDataset: 833 valid episode windows (num_clips=2, repeat=1) from /home/nvme02/lingbot-world/datasets/processed_csgo_v3/metadata_train.csv
Installed CUDA version 12.8 does not match the version torch was compiled with 12.4 but since the APIs are compatible, accepting this combination
Installed CUDA version 12.8 does not match the version torch was compiled with 12.4 but since the APIs are compatible, accepting this combination
2026-04-19 12:54:12,014 | INFO | root | Stage1: 解冻 latent_proj (F-03/F5 fix)
2026-04-19 12:54:12,018 | INFO | root | Stage1: 解冻 40 个 MemoryBlockWrapper memory 组件 + NFPHead | 可训参数 4,221,097,016 / 总参数 22,766,740,600 (18.54%)
2026-04-19 12:54:12,022 | INFO | root | Gradient checkpointing: patched 40 DiT blocks
2026-04-19 12:54:12,028 | INFO | root | CSGOMultiClipDataset: 833 valid episode windows (num_clips=2, repeat=1) from /home/nvme02/lingbot-world/datasets/processed_csgo_v3/metadata_train.csv
Installed CUDA version 12.8 does not match the version torch was compiled with 12.4 but since the APIs are compatible, accepting this combination
2026-04-19 12:54:29,348 | INFO | root | Loading VAE...
2026-04-19 12:54:29,383 | INFO | root | loading /home/nvme02/lingbot-world/models/lingbot-world-base-act/Wan2.1_VAE.pth
2026-04-19 12:54:29,771 | INFO | root | Loading T5 text encoder...
2026-04-19 12:54:29,904 | INFO | root | loading /home/nvme02/lingbot-world/models/lingbot-world-base-act/models_t5_umt5-xxl-enc-bf16.pth
2026-04-19 12:54:38,246 | INFO | root | Stage1: 解冻 latent_proj (F-03/F5 fix)
2026-04-19 12:54:38,250 | INFO | root | Stage1: 解冻 40 个 MemoryBlockWrapper memory 组件 + NFPHead | 可训参数 4,221,097,016 / 总参数 22,766,740,600 (18.54%)
2026-04-19 12:54:38,254 | INFO | root | Gradient checkpointing: patched 40 DiT blocks
2026-04-19 12:54:38,259 | INFO | root | CSGOMultiClipDataset: 833 valid episode windows (num_clips=2, repeat=1) from /home/nvme02/lingbot-world/datasets/processed_csgo_v3/metadata_train.csv
Installed CUDA version 12.8 does not match the version torch was compiled with 12.4 but since the APIs are compatible, accepting this combination
2026-04-19 12:55:50,418 | INFO | root | Resumed model weights from /home/nvme02/wlx/Memory/outputs/train/v3_stage1_dual/low_noise_model/epoch_2/diffusion_pytorch_model.bin
2026-04-19 12:55:50,418 | INFO | root | Resumed model weights from /home/nvme02/wlx/Memory/outputs/train/v3_stage1_dual/low_noise_model/epoch_2/diffusion_pytorch_model.bin
2026-04-19 12:55:50,418 | INFO | root | Resumed model weights from /home/nvme02/wlx/Memory/outputs/train/v3_stage1_dual/low_noise_model/epoch_2/diffusion_pytorch_model.bin
2026-04-19 12:55:50,419 | INFO | root | Resumed model weights from /home/nvme02/wlx/Memory/outputs/train/v3_stage1_dual/low_noise_model/epoch_2/diffusion_pytorch_model.bin
2026-04-19 12:55:50,419 | INFO | accelerate.accelerator | [RANK 0] Loading states from /home/nvme02/wlx/Memory/outputs/train/v3_stage1_dual/low_noise_model/epoch_2/training_state
2026-04-19 12:55:50,419 | INFO | accelerate.accelerator | [RANK 0] Loading DeepSpeed Model and Optimizer
2026-04-19 12:55:50,419 | INFO | root | Resumed model weights from /home/nvme02/wlx/Memory/outputs/train/v3_stage1_dual/low_noise_model/epoch_2/diffusion_pytorch_model.bin
2026-04-19 12:55:50,420 | INFO | root | Resumed model weights from /home/nvme02/wlx/Memory/outputs/train/v3_stage1_dual/low_noise_model/epoch_2/diffusion_pytorch_model.bin
2026-04-19 12:55:50,433 | WARNING | root | Skipping optimizer/scheduler state load from /home/nvme02/wlx/Memory/outputs/train/v3_stage1_dual/low_noise_model/epoch_2/training_state (ZeRO stage mismatch or missing files): . Model weights loaded. Optimizer/scheduler will start fresh.
2026-04-19 12:55:50,433 | INFO | root | Resuming from epoch 2, global_step 278
2026-04-19 12:55:50,433 | WARNING | root | Skipping optimizer/scheduler state load from /home/nvme02/wlx/Memory/outputs/train/v3_stage1_dual/low_noise_model/epoch_2/training_state (ZeRO stage mismatch or missing files): . Model weights loaded. Optimizer/scheduler will start fresh.
2026-04-19 12:55:50,434 | INFO | root | Resuming from epoch 2, global_step 278
2026-04-19 12:55:50,434 | WARNING | root | Skipping optimizer/scheduler state load from /home/nvme02/wlx/Memory/outputs/train/v3_stage1_dual/low_noise_model/epoch_2/training_state (ZeRO stage mismatch or missing files): . Model weights loaded. Optimizer/scheduler will start fresh.
2026-04-19 12:55:50,434 | WARNING | root | Skipping optimizer/scheduler state load from /home/nvme02/wlx/Memory/outputs/train/v3_stage1_dual/low_noise_model/epoch_2/training_state (ZeRO stage mismatch or missing files): . Model weights loaded. Optimizer/scheduler will start fresh.
2026-04-19 12:55:50,434 | INFO | root | Resuming from epoch 2, global_step 278
2026-04-19 12:55:50,435 | INFO | root | Resuming from epoch 2, global_step 278
2026-04-19 12:55:50,435 | WARNING | root | Skipping optimizer/scheduler state load from /home/nvme02/wlx/Memory/outputs/train/v3_stage1_dual/low_noise_model/epoch_2/training_state (ZeRO stage mismatch or missing files): . Model weights loaded. Optimizer/scheduler will start fresh.
2026-04-19 12:55:50,435 | INFO | root | Resuming from epoch 2, global_step 278
2026-04-19 12:55:50,435 | WARNING | root | Skipping optimizer/scheduler state load from /home/nvme02/wlx/Memory/outputs/train/v3_stage1_dual/low_noise_model/epoch_2/training_state (ZeRO stage mismatch or missing files): . Model weights loaded. Optimizer/scheduler will start fresh.
2026-04-19 12:55:50,435 | INFO | root | Resuming from epoch 2, global_step 278

Epoch 3/3 [v3, stage=1, low]:   0%|          | 0/139 [00:00<?, ?it/s][rank2]: Traceback (most recent call last):
[rank2]:   File "/home/nvme02/wlx/Memory/projects/Lingbot_LSM/src/pipeline/train_v3_stage1_dual.py", line 1730, in <module>
[rank2]:     main()
[rank2]:   File "/home/nvme02/wlx/Memory/projects/Lingbot_LSM/src/pipeline/train_v3_stage1_dual.py", line 1612, in main
[rank2]:     accelerator.backward(loss)
[rank2]:   File "/home/ubuntu/miniconda3/envs/lingbot-lsm/lib/python3.11/site-packages/accelerate/accelerator.py", line 2830, in backward
[rank2]:     self.deepspeed_engine_wrapped.backward(loss, sync_gradients=self.sync_gradients, **kwargs)
[rank2]:   File "/home/ubuntu/miniconda3/envs/lingbot-lsm/lib/python3.11/site-packages/accelerate/utils/deepspeed.py", line 270, in backward
[rank2]:     self.engine.backward(loss, **kwargs)
[rank2]:   File "/home/ubuntu/miniconda3/envs/lingbot-lsm/lib/python3.11/site-packages/deepspeed/utils/nvtx.py", line 20, in wrapped_fn
[rank2]:     ret_val = func(*args, **kwargs)
[rank2]:               ^^^^^^^^^^^^^^^^^^^^^
[rank2]:   File "/home/ubuntu/miniconda3/envs/lingbot-lsm/lib/python3.11/site-packages/deepspeed/runtime/engine.py", line 2625, in backward
[rank2]:     loss.backward(**backward_kwargs)
[rank2]:   File "/home/ubuntu/miniconda3/envs/lingbot-lsm/lib/python3.11/site-packages/torch/_tensor.py", line 626, in backward
[rank2]:     torch.autograd.backward(
[rank2]:   File "/home/ubuntu/miniconda3/envs/lingbot-lsm/lib/python3.11/site-packages/torch/autograd/__init__.py", line 347, in backward
[rank2]:     _engine_run_backward(
[rank2]:   File "/home/ubuntu/miniconda3/envs/lingbot-lsm/lib/python3.11/site-packages/torch/autograd/graph.py", line 823, in _engine_run_backward
[rank2]:     return Variable._execution_engine.run_backward(  # Calls into the C++ engine to run the backward pass
[rank2]:            ^^^^^^^^^^^^^^^^^^^^^^^^^^^^^^^^^^^^^^^^^^^^^^^^^^^^^^^^^^^^^^^^^^^^^^^^^^^^^^^^^^^^^^^^^^^^^^
[rank2]:   File "/home/ubuntu/miniconda3/envs/lingbot-lsm/lib/python3.11/site-packages/torch/utils/checkpoint.py", line 1129, in unpack_hook
[rank2]:     frame.check_recomputed_tensors_match(gid)
[rank2]:   File "/home/ubuntu/miniconda3/envs/lingbot-lsm/lib/python3.11/site-packages/torch/utils/checkpoint.py", line 903, in check_recomputed_tensors_match
[rank2]:     raise CheckpointError(
[rank2]: torch.utils.checkpoint.CheckpointError: torch.utils.checkpoint: Recomputed values for the following tensors have different metadata than during the forward pass.
[rank2]: tensor at position 9:
[rank2]: saved metadata: {'shape': torch.Size([5120]), 'dtype': torch.bfloat16, 'device': device(type='cuda', index=2)}
[rank2]: recomputed metadata: {'shape': torch.Size([0]), 'dtype': torch.bfloat16, 'device': device(type='cuda', index=2)}
[rank2]: tensor at position 15:
[rank2]: saved metadata: {'shape': torch.Size([5120]), 'dtype': torch.bfloat16, 'device': device(type='cuda', index=2)}
[rank2]: recomputed metadata: {'shape': torch.Size([0]), 'dtype': torch.bfloat16, 'device': device(type='cuda', index=2)}
[rank2]: tensor at position 40:
[rank2]: saved metadata: {'shape': torch.Size([5120]), 'dtype': torch.bfloat16, 'device': device(type='cuda', index=2)}
[rank2]: recomputed metadata: {'shape': torch.Size([0]), 'dtype': torch.bfloat16, 'device': device(type='cuda', index=2)}

[rank4]: Traceback (most recent call last):
[rank4]:   File "/home/nvme02/wlx/Memory/projects/Lingbot_LSM/src/pipeline/train_v3_stage1_dual.py", line 1730, in <module>
[rank4]:     main()
[rank4]:   File "/home/nvme02/wlx/Memory/projects/Lingbot_LSM/src/pipeline/train_v3_stage1_dual.py", line 1612, in main
[rank4]:     accelerator.backward(loss)
[rank4]:   File "/home/ubuntu/miniconda3/envs/lingbot-lsm/lib/python3.11/site-packages/accelerate/accelerator.py", line 2830, in backward
[rank4]:     self.deepspeed_engine_wrapped.backward(loss, sync_gradients=self.sync_gradients, **kwargs)
[rank4]:   File "/home/ubuntu/miniconda3/envs/lingbot-lsm/lib/python3.11/site-packages/accelerate/utils/deepspeed.py", line 270, in backward
[rank4]:     self.engine.backward(loss, **kwargs)
[rank4]:   File "/home/ubuntu/miniconda3/envs/lingbot-lsm/lib/python3.11/site-packages/deepspeed/utils/nvtx.py", line 20, in wrapped_fn
[rank4]:     ret_val = func(*args, **kwargs)
[rank4]:               ^^^^^^^^^^^^^^^^^^^^^
[rank4]:   File "/home/ubuntu/miniconda3/envs/lingbot-lsm/lib/python3.11/site-packages/deepspeed/runtime/engine.py", line 2625, in backward
[rank4]:     loss.backward(**backward_kwargs)
[rank4]:   File "/home/ubuntu/miniconda3/envs/lingbot-lsm/lib/python3.11/site-packages/torch/_tensor.py", line 626, in backward
[rank4]:     torch.autograd.backward(
[rank4]:   File "/home/ubuntu/miniconda3/envs/lingbot-lsm/lib/python3.11/site-packages/torch/autograd/__init__.py", line 347, in backward
[rank4]:     _engine_run_backward(
[rank4]:   File "/home/ubuntu/miniconda3/envs/lingbot-lsm/lib/python3.11/site-packages/torch/autograd/graph.py", line 823, in _engine_run_backward
[rank4]:     return Variable._execution_engine.run_backward(  # Calls into the C++ engine to run the backward pass
[rank4]:            ^^^^^^^^^^^^^^^^^^^^^^^^^^^^^^^^^^^^^^^^^^^^^^^^^^^^^^^^^^^^^^^^^^^^^^^^^^^^^^^^^^^^^^^^^^^^^^
[rank4]:   File "/home/ubuntu/miniconda3/envs/lingbot-lsm/lib/python3.11/site-packages/torch/utils/checkpoint.py", line 1129, in unpack_hook
[rank4]:     frame.check_recomputed_tensors_match(gid)
[rank4]:   File "/home/ubuntu/miniconda3/envs/lingbot-lsm/lib/python3.11/site-packages/torch/utils/checkpoint.py", line 903, in check_recomputed_tensors_match
[rank4]:     raise CheckpointError(
[rank4]: torch.utils.checkpoint.CheckpointError: torch.utils.checkpoint: Recomputed values for the following tensors have different metadata than during the forward pass.
[rank4]: tensor at position 9:
[rank4]: saved metadata: {'shape': torch.Size([5120]), 'dtype': torch.bfloat16, 'device': device(type='cuda', index=4)}
[rank4]: recomputed metadata: {'shape': torch.Size([0]), 'dtype': torch.bfloat16, 'device': device(type='cuda', index=4)}
[rank4]: tensor at position 15:
[rank4]: saved metadata: {'shape': torch.Size([5120]), 'dtype': torch.bfloat16, 'device': device(type='cuda', index=4)}
[rank4]: recomputed metadata: {'shape': torch.Size([0]), 'dtype': torch.bfloat16, 'device': device(type='cuda', index=4)}
[rank4]: tensor at position 40:
[rank4]: saved metadata: {'shape': torch.Size([5120]), 'dtype': torch.bfloat16, 'device': device(type='cuda', index=4)}
[rank4]: recomputed metadata: {'shape': torch.Size([0]), 'dtype': torch.bfloat16, 'device': device(type='cuda', index=4)}

[rank1]: Traceback (most recent call last):
[rank1]:   File "/home/nvme02/wlx/Memory/projects/Lingbot_LSM/src/pipeline/train_v3_stage1_dual.py", line 1730, in <module>
[rank1]:     main()
[rank1]:   File "/home/nvme02/wlx/Memory/projects/Lingbot_LSM/src/pipeline/train_v3_stage1_dual.py", line 1612, in main
[rank1]:     accelerator.backward(loss)
[rank1]:   File "/home/ubuntu/miniconda3/envs/lingbot-lsm/lib/python3.11/site-packages/accelerate/accelerator.py", line 2830, in backward
[rank1]:     self.deepspeed_engine_wrapped.backward(loss, sync_gradients=self.sync_gradients, **kwargs)
[rank1]:   File "/home/ubuntu/miniconda3/envs/lingbot-lsm/lib/python3.11/site-packages/accelerate/utils/deepspeed.py", line 270, in backward
[rank1]:     self.engine.backward(loss, **kwargs)
[rank1]:   File "/home/ubuntu/miniconda3/envs/lingbot-lsm/lib/python3.11/site-packages/deepspeed/utils/nvtx.py", line 20, in wrapped_fn
[rank1]:     ret_val = func(*args, **kwargs)
[rank1]:               ^^^^^^^^^^^^^^^^^^^^^
[rank1]:   File "/home/ubuntu/miniconda3/envs/lingbot-lsm/lib/python3.11/site-packages/deepspeed/runtime/engine.py", line 2625, in backward
[rank1]:     loss.backward(**backward_kwargs)
[rank1]:   File "/home/ubuntu/miniconda3/envs/lingbot-lsm/lib/python3.11/site-packages/torch/_tensor.py", line 626, in backward
[rank1]:     torch.autograd.backward(
[rank1]:   File "/home/ubuntu/miniconda3/envs/lingbot-lsm/lib/python3.11/site-packages/torch/autograd/__init__.py", line 347, in backward
[rank1]:     _engine_run_backward(
[rank1]:   File "/home/ubuntu/miniconda3/envs/lingbot-lsm/lib/python3.11/site-packages/torch/autograd/graph.py", line 823, in _engine_run_backward
[rank1]:     return Variable._execution_engine.run_backward(  # Calls into the C++ engine to run the backward pass
[rank1]:            ^^^^^^^^^^^^^^^^^^^^^^^^^^^^^^^^^^^^^^^^^^^^^^^^^^^^^^^^^^^^^^^^^^^^^^^^^^^^^^^^^^^^^^^^^^^^^^
[rank1]:   File "/home/ubuntu/miniconda3/envs/lingbot-lsm/lib/python3.11/site-packages/torch/utils/checkpoint.py", line 1129, in unpack_hook
[rank1]:     frame.check_recomputed_tensors_match(gid)
[rank1]:   File "/home/ubuntu/miniconda3/envs/lingbot-lsm/lib/python3.11/site-packages/torch/utils/checkpoint.py", line 903, in check_recomputed_tensors_match
[rank1]:     raise CheckpointError(
[rank1]: torch.utils.checkpoint.CheckpointError: torch.utils.checkpoint: Recomputed values for the following tensors have different metadata than during the forward pass.
[rank1]: tensor at position 9:
[rank1]: saved metadata: {'shape': torch.Size([5120]), 'dtype': torch.bfloat16, 'device': device(type='cuda', index=1)}
[rank1]: recomputed metadata: {'shape': torch.Size([0]), 'dtype': torch.bfloat16, 'device': device(type='cuda', index=1)}
[rank1]: tensor at position 15:
[rank1]: saved metadata: {'shape': torch.Size([5120]), 'dtype': torch.bfloat16, 'device': device(type='cuda', index=1)}
[rank1]: recomputed metadata: {'shape': torch.Size([0]), 'dtype': torch.bfloat16, 'device': device(type='cuda', index=1)}
[rank1]: tensor at position 40:
[rank1]: saved metadata: {'shape': torch.Size([5120]), 'dtype': torch.bfloat16, 'device': device(type='cuda', index=1)}
[rank1]: recomputed metadata: {'shape': torch.Size([0]), 'dtype': torch.bfloat16, 'device': device(type='cuda', index=1)}

[rank5]: Traceback (most recent call last):
[rank5]:   File "/home/nvme02/wlx/Memory/projects/Lingbot_LSM/src/pipeline/train_v3_stage1_dual.py", line 1730, in <module>
[rank5]:     main()
[rank5]:   File "/home/nvme02/wlx/Memory/projects/Lingbot_LSM/src/pipeline/train_v3_stage1_dual.py", line 1612, in main
[rank5]:     accelerator.backward(loss)
[rank5]:   File "/home/ubuntu/miniconda3/envs/lingbot-lsm/lib/python3.11/site-packages/accelerate/accelerator.py", line 2830, in backward
[rank5]:     self.deepspeed_engine_wrapped.backward(loss, sync_gradients=self.sync_gradients, **kwargs)
[rank5]:   File "/home/ubuntu/miniconda3/envs/lingbot-lsm/lib/python3.11/site-packages/accelerate/utils/deepspeed.py", line 270, in backward
[rank5]:     self.engine.backward(loss, **kwargs)
[rank5]:   File "/home/ubuntu/miniconda3/envs/lingbot-lsm/lib/python3.11/site-packages/deepspeed/utils/nvtx.py", line 20, in wrapped_fn
[rank5]:     ret_val = func(*args, **kwargs)
[rank5]:               ^^^^^^^^^^^^^^^^^^^^^
[rank5]:   File "/home/ubuntu/miniconda3/envs/lingbot-lsm/lib/python3.11/site-packages/deepspeed/runtime/engine.py", line 2625, in backward
[rank5]:     loss.backward(**backward_kwargs)
[rank5]:   File "/home/ubuntu/miniconda3/envs/lingbot-lsm/lib/python3.11/site-packages/torch/_tensor.py", line 626, in backward
[rank5]:     torch.autograd.backward(
[rank5]:   File "/home/ubuntu/miniconda3/envs/lingbot-lsm/lib/python3.11/site-packages/torch/autograd/__init__.py", line 347, in backward
[rank5]:     _engine_run_backward(
[rank5]:   File "/home/ubuntu/miniconda3/envs/lingbot-lsm/lib/python3.11/site-packages/torch/autograd/graph.py", line 823, in _engine_run_backward
[rank5]:     return Variable._execution_engine.run_backward(  # Calls into the C++ engine to run the backward pass
[rank5]:            ^^^^^^^^^^^^^^^^^^^^^^^^^^^^^^^^^^^^^^^^^^^^^^^^^^^^^^^^^^^^^^^^^^^^^^^^^^^^^^^^^^^^^^^^^^^^^^
[rank5]:   File "/home/ubuntu/miniconda3/envs/lingbot-lsm/lib/python3.11/site-packages/torch/utils/checkpoint.py", line 1129, in unpack_hook
[rank5]:     frame.check_recomputed_tensors_match(gid)
[rank5]:   File "/home/ubuntu/miniconda3/envs/lingbot-lsm/lib/python3.11/site-packages/torch/utils/checkpoint.py", line 903, in check_recomputed_tensors_match
[rank5]:     raise CheckpointError(
[rank5]: torch.utils.checkpoint.CheckpointError: torch.utils.checkpoint: Recomputed values for the following tensors have different metadata than during the forward pass.
[rank5]: tensor at position 9:
[rank5]: saved metadata: {'shape': torch.Size([5120]), 'dtype': torch.bfloat16, 'device': device(type='cuda', index=5)}
[rank5]: recomputed metadata: {'shape': torch.Size([0]), 'dtype': torch.bfloat16, 'device': device(type='cuda', index=5)}
[rank5]: tensor at position 15:
[rank5]: saved metadata: {'shape': torch.Size([5120]), 'dtype': torch.bfloat16, 'device': device(type='cuda', index=5)}
[rank5]: recomputed metadata: {'shape': torch.Size([0]), 'dtype': torch.bfloat16, 'device': device(type='cuda', index=5)}
[rank5]: tensor at position 40:
[rank5]: saved metadata: {'shape': torch.Size([5120]), 'dtype': torch.bfloat16, 'device': device(type='cuda', index=5)}
[rank5]: recomputed metadata: {'shape': torch.Size([0]), 'dtype': torch.bfloat16, 'device': device(type='cuda', index=5)}

[rank3]: Traceback (most recent call last):
[rank3]:   File "/home/nvme02/wlx/Memory/projects/Lingbot_LSM/src/pipeline/train_v3_stage1_dual.py", line 1730, in <module>
[rank3]:     main()
[rank3]:   File "/home/nvme02/wlx/Memory/projects/Lingbot_LSM/src/pipeline/train_v3_stage1_dual.py", line 1612, in main
[rank3]:     accelerator.backward(loss)
[rank3]:   File "/home/ubuntu/miniconda3/envs/lingbot-lsm/lib/python3.11/site-packages/accelerate/accelerator.py", line 2830, in backward
[rank3]:     self.deepspeed_engine_wrapped.backward(loss, sync_gradients=self.sync_gradients, **kwargs)
[rank3]:   File "/home/ubuntu/miniconda3/envs/lingbot-lsm/lib/python3.11/site-packages/accelerate/utils/deepspeed.py", line 270, in backward
[rank3]:     self.engine.backward(loss, **kwargs)
[rank3]:   File "/home/ubuntu/miniconda3/envs/lingbot-lsm/lib/python3.11/site-packages/deepspeed/utils/nvtx.py", line 20, in wrapped_fn
[rank3]:     ret_val = func(*args, **kwargs)
[rank3]:               ^^^^^^^^^^^^^^^^^^^^^
[rank3]:   File "/home/ubuntu/miniconda3/envs/lingbot-lsm/lib/python3.11/site-packages/deepspeed/runtime/engine.py", line 2625, in backward
[rank3]:     loss.backward(**backward_kwargs)
[rank3]:   File "/home/ubuntu/miniconda3/envs/lingbot-lsm/lib/python3.11/site-packages/torch/_tensor.py", line 626, in backward
[rank3]:     torch.autograd.backward(
[rank3]:   File "/home/ubuntu/miniconda3/envs/lingbot-lsm/lib/python3.11/site-packages/torch/autograd/__init__.py", line 347, in backward
[rank3]:     _engine_run_backward(
[rank3]:   File "/home/ubuntu/miniconda3/envs/lingbot-lsm/lib/python3.11/site-packages/torch/autograd/graph.py", line 823, in _engine_run_backward
[rank3]:     return Variable._execution_engine.run_backward(  # Calls into the C++ engine to run the backward pass
[rank3]:            ^^^^^^^^^^^^^^^^^^^^^^^^^^^^^^^^^^^^^^^^^^^^^^^^^^^^^^^^^^^^^^^^^^^^^^^^^^^^^^^^^^^^^^^^^^^^^^
[rank3]:   File "/home/ubuntu/miniconda3/envs/lingbot-lsm/lib/python3.11/site-packages/torch/utils/checkpoint.py", line 1129, in unpack_hook
[rank3]:     frame.check_recomputed_tensors_match(gid)
[rank3]:   File "/home/ubuntu/miniconda3/envs/lingbot-lsm/lib/python3.11/site-packages/torch/utils/checkpoint.py", line 903, in check_recomputed_tensors_match
[rank3]:     raise CheckpointError(
[rank3]: torch.utils.checkpoint.CheckpointError: torch.utils.checkpoint: Recomputed values for the following tensors have different metadata than during the forward pass.
[rank3]: tensor at position 9:
[rank3]: saved metadata: {'shape': torch.Size([5120]), 'dtype': torch.bfloat16, 'device': device(type='cuda', index=3)}
[rank3]: recomputed metadata: {'shape': torch.Size([0]), 'dtype': torch.bfloat16, 'device': device(type='cuda', index=3)}
[rank3]: tensor at position 15:
[rank3]: saved metadata: {'shape': torch.Size([5120]), 'dtype': torch.bfloat16, 'device': device(type='cuda', index=3)}
[rank3]: recomputed metadata: {'shape': torch.Size([0]), 'dtype': torch.bfloat16, 'device': device(type='cuda', index=3)}
[rank3]: tensor at position 40:
[rank3]: saved metadata: {'shape': torch.Size([5120]), 'dtype': torch.bfloat16, 'device': device(type='cuda', index=3)}
[rank3]: recomputed metadata: {'shape': torch.Size([0]), 'dtype': torch.bfloat16, 'device': device(type='cuda', index=3)}


Epoch 3/3 [v3, stage=1, low]:   0%|          | 0/139 [01:42<?, ?it/s]
[rank0]: Traceback (most recent call last):
[rank0]:   File "/home/nvme02/wlx/Memory/projects/Lingbot_LSM/src/pipeline/train_v3_stage1_dual.py", line 1730, in <module>
[rank0]:     main()
[rank0]:   File "/home/nvme02/wlx/Memory/projects/Lingbot_LSM/src/pipeline/train_v3_stage1_dual.py", line 1612, in main
[rank0]:     accelerator.backward(loss)
[rank0]:   File "/home/ubuntu/miniconda3/envs/lingbot-lsm/lib/python3.11/site-packages/accelerate/accelerator.py", line 2830, in backward
[rank0]:     self.deepspeed_engine_wrapped.backward(loss, sync_gradients=self.sync_gradients, **kwargs)
[rank0]:   File "/home/ubuntu/miniconda3/envs/lingbot-lsm/lib/python3.11/site-packages/accelerate/utils/deepspeed.py", line 270, in backward
[rank0]:     self.engine.backward(loss, **kwargs)
[rank0]:   File "/home/ubuntu/miniconda3/envs/lingbot-lsm/lib/python3.11/site-packages/deepspeed/utils/nvtx.py", line 20, in wrapped_fn
[rank0]:     ret_val = func(*args, **kwargs)
[rank0]:               ^^^^^^^^^^^^^^^^^^^^^
[rank0]:   File "/home/ubuntu/miniconda3/envs/lingbot-lsm/lib/python3.11/site-packages/deepspeed/runtime/engine.py", line 2625, in backward
[rank0]:     loss.backward(**backward_kwargs)
[rank0]:   File "/home/ubuntu/miniconda3/envs/lingbot-lsm/lib/python3.11/site-packages/torch/_tensor.py", line 626, in backward
[rank0]:     torch.autograd.backward(
[rank0]:   File "/home/ubuntu/miniconda3/envs/lingbot-lsm/lib/python3.11/site-packages/torch/autograd/__init__.py", line 347, in backward
[rank0]:     _engine_run_backward(
[rank0]:   File "/home/ubuntu/miniconda3/envs/lingbot-lsm/lib/python3.11/site-packages/torch/autograd/graph.py", line 823, in _engine_run_backward
[rank0]:     return Variable._execution_engine.run_backward(  # Calls into the C++ engine to run the backward pass
[rank0]:            ^^^^^^^^^^^^^^^^^^^^^^^^^^^^^^^^^^^^^^^^^^^^^^^^^^^^^^^^^^^^^^^^^^^^^^^^^^^^^^^^^^^^^^^^^^^^^^
[rank0]:   File "/home/ubuntu/miniconda3/envs/lingbot-lsm/lib/python3.11/site-packages/torch/utils/checkpoint.py", line 1129, in unpack_hook
[rank0]:     frame.check_recomputed_tensors_match(gid)
[rank0]:   File "/home/ubuntu/miniconda3/envs/lingbot-lsm/lib/python3.11/site-packages/torch/utils/checkpoint.py", line 903, in check_recomputed_tensors_match
[rank0]:     raise CheckpointError(
[rank0]: torch.utils.checkpoint.CheckpointError: torch.utils.checkpoint: Recomputed values for the following tensors have different metadata than during the forward pass.
[rank0]: tensor at position 9:
[rank0]: saved metadata: {'shape': torch.Size([5120]), 'dtype': torch.bfloat16, 'device': device(type='cuda', index=0)}
[rank0]: recomputed metadata: {'shape': torch.Size([0]), 'dtype': torch.bfloat16, 'device': device(type='cuda', index=0)}
[rank0]: tensor at position 15:
[rank0]: saved metadata: {'shape': torch.Size([5120]), 'dtype': torch.bfloat16, 'device': device(type='cuda', index=0)}
[rank0]: recomputed metadata: {'shape': torch.Size([0]), 'dtype': torch.bfloat16, 'device': device(type='cuda', index=0)}
[rank0]: tensor at position 40:
[rank0]: saved metadata: {'shape': torch.Size([5120]), 'dtype': torch.bfloat16, 'device': device(type='cuda', index=0)}
[rank0]: recomputed metadata: {'shape': torch.Size([0]), 'dtype': torch.bfloat16, 'device': device(type='cuda', index=0)}

W0419 12:57:39.974000 437105 site-packages/torch/distributed/elastic/multiprocessing/api.py:897] Sending process 437416 closing signal SIGTERM
W0419 12:57:39.975000 437105 site-packages/torch/distributed/elastic/multiprocessing/api.py:897] Sending process 437417 closing signal SIGTERM
W0419 12:57:39.975000 437105 site-packages/torch/distributed/elastic/multiprocessing/api.py:897] Sending process 437418 closing signal SIGTERM
W0419 12:57:39.976000 437105 site-packages/torch/distributed/elastic/multiprocessing/api.py:897] Sending process 437419 closing signal SIGTERM
W0419 12:57:39.976000 437105 site-packages/torch/distributed/elastic/multiprocessing/api.py:897] Sending process 437421 closing signal SIGTERM
E0419 12:57:45.648000 437105 site-packages/torch/distributed/elastic/multiprocessing/api.py:869] failed (exitcode: 1) local_rank: 4 (pid: 437420) of binary: /home/ubuntu/miniconda3/envs/lingbot-lsm/bin/python3.11
Traceback (most recent call last):
  File "/home/ubuntu/miniconda3/envs/lingbot-lsm/bin/accelerate", line 6, in <module>
    sys.exit(main())
             ^^^^^^
  File "/home/ubuntu/miniconda3/envs/lingbot-lsm/lib/python3.11/site-packages/accelerate/commands/accelerate_cli.py", line 50, in main
    args.func(args)
  File "/home/ubuntu/miniconda3/envs/lingbot-lsm/lib/python3.11/site-packages/accelerate/commands/launch.py", line 1390, in launch_command
    deepspeed_launcher(args)
  File "/home/ubuntu/miniconda3/envs/lingbot-lsm/lib/python3.11/site-packages/accelerate/commands/launch.py", line 1076, in deepspeed_launcher
    distrib_run.run(args)
  File "/home/ubuntu/miniconda3/envs/lingbot-lsm/lib/python3.11/site-packages/torch/distributed/run.py", line 909, in run
    elastic_launch(
  File "/home/ubuntu/miniconda3/envs/lingbot-lsm/lib/python3.11/site-packages/torch/distributed/launcher/api.py", line 138, in __call__
    return launch_agent(self._config, self._entrypoint, list(args))
           ^^^^^^^^^^^^^^^^^^^^^^^^^^^^^^^^^^^^^^^^^^^^^^^^^^^^^^^^
  File "/home/ubuntu/miniconda3/envs/lingbot-lsm/lib/python3.11/site-packages/torch/distributed/launcher/api.py", line 269, in launch_agent
    raise ChildFailedError(
torch.distributed.elastic.multiprocessing.errors.ChildFailedError: 
============================================================
/home/nvme02/wlx/Memory/projects/Lingbot_LSM/src/pipeline/train_v3_stage1_dual.py FAILED
------------------------------------------------------------
Failures:
  <NO_OTHER_FAILURES>
------------------------------------------------------------
Root Cause (first observed failure):
[0]:
  time      : 2026-04-19_12:57:39
  host      : instance-rlgxvvzy
  rank      : 4 (local_rank: 4)
  exitcode  : 1 (pid: 437420)
  error_file: <N/A>
  traceback : To enable traceback see: https://pytorch.org/docs/stable/elastic/errors.html
============================================================

